mode: set
github.com/rapidaai/pkg/models/gorm/argument.core.go:19.52,20.25 1 1
github.com/rapidaai/pkg/models/gorm/argument.core.go:21.14,22.14 1 1
github.com/rapidaai/pkg/models/gorm/argument.core.go:23.14,24.22 1 1
github.com/rapidaai/pkg/models/gorm/argument.core.go:25.75,26.33 1 1
github.com/rapidaai/pkg/models/gorm/argument.core.go:27.24,28.33 1 1
github.com/rapidaai/pkg/models/gorm/argument.core.go:29.12,30.34 1 1
github.com/rapidaai/pkg/models/gorm/argument.core.go:31.11,32.15 1 1
github.com/rapidaai/pkg/models/gorm/argument.core.go:33.10,36.17 2 1
github.com/rapidaai/pkg/models/gorm/argument.core.go:36.17,38.4 1 1
github.com/rapidaai/pkg/models/gorm/argument.core.go:39.3,39.30 1 1
github.com/rapidaai/pkg/models/gorm/argument.core.go:41.2,41.12 1 1
github.com/rapidaai/pkg/models/gorm/audited.core.go:27.57,30.2 2 0
github.com/rapidaai/pkg/models/gorm/audited.core.go:32.57,33.39 1 0
github.com/rapidaai/pkg/models/gorm/audited.core.go:33.39,35.3 1 0
github.com/rapidaai/pkg/models/gorm/audited.core.go:36.2,36.15 1 0
github.com/rapidaai/pkg/models/gorm/audited.core.go:36.15,38.3 1 0
github.com/rapidaai/pkg/models/gorm/audited.core.go:39.2,39.12 1 0
github.com/rapidaai/pkg/models/gorm/audited.core.go:42.52,44.2 1 0
github.com/rapidaai/pkg/models/gorm/audited.core.go:46.56,48.49 2 0
github.com/rapidaai/pkg/models/gorm/audited.core.go:48.49,50.3 1 0
github.com/rapidaai/pkg/models/gorm/audited.core.go:51.2,52.12 2 0
github.com/rapidaai/pkg/models/gorm/audited.core.go:55.52,57.2 1 0
github.com/rapidaai/pkg/models/gorm/event.core.go:21.49,22.25 1 0
github.com/rapidaai/pkg/models/gorm/event.core.go:23.14,24.50 1 0
github.com/rapidaai/pkg/models/gorm/event.core.go:25.14,26.58 1 0
github.com/rapidaai/pkg/models/gorm/event.core.go:27.75,28.69 1 0
github.com/rapidaai/pkg/models/gorm/event.core.go:29.24,30.69 1 0
github.com/rapidaai/pkg/models/gorm/event.core.go:31.12,32.70 1 0
github.com/rapidaai/pkg/models/gorm/event.core.go:33.11,34.40 1 0
github.com/rapidaai/pkg/models/gorm/event.core.go:35.10,38.17 2 0
github.com/rapidaai/pkg/models/gorm/event.core.go:38.17,40.4 1 0
github.com/rapidaai/pkg/models/gorm/event.core.go:41.3,42.60 2 0
github.com/rapidaai/pkg/models/gorm/event.core.go:42.60,44.4 1 0
github.com/rapidaai/pkg/models/gorm/event.core.go:45.3,45.21 1 0
github.com/rapidaai/pkg/models/gorm/event.core.go:47.2,47.12 1 0
github.com/rapidaai/pkg/models/gorm/event.core.go:50.47,56.2 3 0
github.com/rapidaai/pkg/models/gorm/metadata.core.go:19.52,20.25 1 0
github.com/rapidaai/pkg/models/gorm/metadata.core.go:21.14,22.14 1 0
github.com/rapidaai/pkg/models/gorm/metadata.core.go:23.14,24.22 1 0
github.com/rapidaai/pkg/models/gorm/metadata.core.go:25.75,26.33 1 0
github.com/rapidaai/pkg/models/gorm/metadata.core.go:27.24,28.33 1 0
github.com/rapidaai/pkg/models/gorm/metadata.core.go:29.12,30.34 1 0
github.com/rapidaai/pkg/models/gorm/metadata.core.go:31.11,32.15 1 0
github.com/rapidaai/pkg/models/gorm/metadata.core.go:33.10,36.17 2 0
github.com/rapidaai/pkg/models/gorm/metadata.core.go:36.17,38.4 1 0
github.com/rapidaai/pkg/models/gorm/metadata.core.go:39.3,39.30 1 0
github.com/rapidaai/pkg/models/gorm/metadata.core.go:41.2,41.12 1 0
github.com/rapidaai/pkg/models/gorm/metadata.core.go:44.53,50.2 3 0
github.com/rapidaai/pkg/models/gorm/metric.core.go:14.64,21.2 2 0
github.com/rapidaai/pkg/models/gorm/paginated.core.go:19.81,23.2 1 0
github.com/rapidaai/pkg/models/gorm/paginated.core.go:25.56,30.36 4 0
github.com/rapidaai/pkg/models/gorm/paginated.core.go:30.36,31.22 1 0
github.com/rapidaai/pkg/models/gorm/paginated.core.go:31.22,33.4 1 0
github.com/rapidaai/pkg/models/gorm/paginated.core.go:35.3,36.16 2 0
github.com/rapidaai/pkg/models/gorm/paginated.core.go:36.16,38.4 1 0
github.com/rapidaai/pkg/models/gorm/paginated.core.go:40.3,41.10 2 0
github.com/rapidaai/pkg/models/gorm/paginated.core.go:42.23,43.18 1 0
github.com/rapidaai/pkg/models/gorm/paginated.core.go:44.21,45.17 1 0
github.com/rapidaai/pkg/models/gorm/paginated.core.go:47.3,49.16 3 0
github.com/rapidaai/pkg/models/gorm/paginated.core.go:53.41,56.2 2 0
